20161010-15:24:20.698 [API] [ (+21)]] [34mINFO [0;39m [36mo.l.s.g.URIGenerator[0;39m - Uri Generator initialized successfully 
20161010-15:24:20.771 [API] [ (+21)]] [34mINFO [0;39m [36mo.l.s.s.c.ColumnConfig[0;39m - Initializying Cassandra connection to: column-db 9042 .. 
20161010-15:24:20.772 [API] [ (+21)]] [34mINFO [0;39m [36mo.l.s.s.c.ColumnConfig[0;39m - Initialized Cassandra connection to: column-db 9042 
20161010-15:24:23.504 [API] [ (+21)]] [1;31mERROR[0;39m [36mo.s.w.c.ContextLoader[0;39m - Context initialization failed 
org.springframework.beans.factory.BeanCreationException: Error creating bean with name 'helper': Injection of autowired dependencies failed; nested exception is org.springframework.beans.factory.BeanCreationException: Could not autowire field: org.librairy.storage.system.column.repository.UnifiedColumnRepository org.librairy.storage.Helper.unifiedColumnRepository; nested exception is org.springframework.beans.factory.BeanCreationException: Error creating bean with name 'unifiedColumnRepository': Injection of autowired dependencies failed; nested exception is org.springframework.beans.factory.BeanCreationException: Could not autowire field: org.librairy.storage.system.column.repository.UnifiedColumnRepositoryFactory org.librairy.storage.system.column.repository.UnifiedColumnRepository.factory; nested exception is org.springframework.beans.factory.BeanCreationException: Error creating bean with name 'unifiedColumnRepositoryFactory': Injection of autowired dependencies failed; nested exception is org.springframework.beans.factory.BeanCreationException: Could not autowire field: org.librairy.storage.system.column.repository.AnalysisColumnRepository org.librairy.storage.system.column.repository.UnifiedColumnRepositoryFactory.analysisColumnRepository; nested exception is org.springframework.beans.factory.BeanCreationException: Error creating bean with name 'analysisColumnRepository': Cannot resolve reference to bean 'cassandraTemplate' while setting bean property 'cassandraTemplate'; nested exception is org.springframework.beans.factory.BeanCreationException: Error creating bean with name 'cassandraTemplate' defined in class path resource [org/librairy/storage/system/column/ColumnConfig.class]: Bean instantiation via factory method failed; nested exception is org.springframework.beans.BeanInstantiationException: Failed to instantiate [org.springframework.data.cassandra.core.CassandraAdminOperations]: Factory method 'cassandraTemplate' threw exception; nested exception is org.springframework.beans.factory.BeanCreationException: Error creating bean with name 'session' defined in class path resource [org/librairy/storage/system/column/ColumnConfig.class]: Invocation of init method failed; nested exception is com.datastax.driver.core.exceptions.NoHostAvailableException: All host(s) tried for query failed (tried: column-db/127.0.0.1:9042 (com.datastax.driver.core.exceptions.TransportException: [column-db/127.0.0.1:9042] Cannot connect), column-db/0:0:0:0:0:0:0:1:9042 (com.datastax.driver.core.exceptions.TransportException: [column-db/0:0:0:0:0:0:0:1:9042] Cannot connect))
	at org.springframework.beans.factory.annotation.AutowiredAnnotationBeanPostProcessor.postProcessPropertyValues(AutowiredAnnotationBeanPostProcessor.java:334) ~[spring-beans-4.2.7.RELEASE.jar:4.2.7.RELEASE]
	at org.springframework.beans.factory.support.AbstractAutowireCapableBeanFactory.populateBean(AbstractAutowireCapableBeanFactory.java:1214) ~[spring-beans-4.2.7.RELEASE.jar:4.2.7.RELEASE]
	at org.springframework.beans.factory.support.AbstractAutowireCapableBeanFactory.doCreateBean(AbstractAutowireCapableBeanFactory.java:543) ~[spring-beans-4.2.7.RELEASE.jar:4.2.7.RELEASE]
	at org.springframework.beans.factory.support.AbstractAutowireCapableBeanFactory.createBean(AbstractAutowireCapableBeanFactory.java:482) ~[spring-beans-4.2.7.RELEASE.jar:4.2.7.RELEASE]
	at org.springframework.beans.factory.support.AbstractBeanFactory$1.getObject(AbstractBeanFactory.java:306) ~[spring-beans-4.2.7.RELEASE.jar:4.2.7.RELEASE]
	at org.springframework.beans.factory.support.DefaultSingletonBeanRegistry.getSingleton(DefaultSingletonBeanRegistry.java:230) ~[spring-beans-4.2.7.RELEASE.jar:4.2.7.RELEASE]
	at org.springframework.beans.factory.support.AbstractBeanFactory.doGetBean(AbstractBeanFactory.java:302) ~[spring-beans-4.2.7.RELEASE.jar:4.2.7.RELEASE]
	at org.springframework.beans.factory.support.AbstractBeanFactory.getBean(AbstractBeanFactory.java:197) ~[spring-beans-4.2.7.RELEASE.jar:4.2.7.RELEASE]
	at org.springframework.beans.factory.support.DefaultListableBeanFactory.preInstantiateSingletons(DefaultListableBeanFactory.java:772) ~[spring-beans-4.2.7.RELEASE.jar:4.2.7.RELEASE]
	at org.springframework.context.support.AbstractApplicationContext.finishBeanFactoryInitialization(AbstractApplicationContext.java:839) ~[spring-context-4.2.7.RELEASE.jar:4.2.7.RELEASE]
	at org.springframework.context.support.AbstractApplicationContext.refresh(AbstractApplicationContext.java:538) ~[spring-context-4.2.7.RELEASE.jar:4.2.7.RELEASE]
	at org.springframework.web.context.ContextLoader.configureAndRefreshWebApplicationContext(ContextLoader.java:444) ~[spring-web-4.2.7.RELEASE.jar:4.2.7.RELEASE]
	at org.springframework.web.context.ContextLoader.initWebApplicationContext(ContextLoader.java:326) ~[spring-web-4.2.7.RELEASE.jar:4.2.7.RELEASE]
	at org.springframework.web.context.ContextLoaderListener.contextInitialized(ContextLoaderListener.java:107) [spring-web-4.2.7.RELEASE.jar:4.2.7.RELEASE]
	at org.eclipse.jetty.server.handler.ContextHandler.callContextInitialized(ContextHandler.java:835) [jetty-server-9.3.4.RC1.jar:9.3.4.RC1]
	at org.eclipse.jetty.servlet.ServletContextHandler.callContextInitialized(ServletContextHandler.java:530) [jetty-servlet-9.3.4.RC1.jar:9.3.4.RC1]
	at org.eclipse.jetty.server.handler.ContextHandler.startContext(ContextHandler.java:808) [jetty-server-9.3.4.RC1.jar:9.3.4.RC1]
	at org.eclipse.jetty.servlet.ServletContextHandler.startContext(ServletContextHandler.java:342) [jetty-servlet-9.3.4.RC1.jar:9.3.4.RC1]
	at org.eclipse.jetty.webapp.WebAppContext.startWebapp(WebAppContext.java:1380) [jetty-webapp-9.3.4.RC1.jar:9.3.4.RC1]
	at org.eclipse.jetty.maven.plugin.JettyWebAppContext.startWebapp(JettyWebAppContext.java:320) [jetty-maven-plugin-9.3.4.RC1.jar:9.3.4.RC1]
	at org.eclipse.jetty.webapp.WebAppContext.startContext(WebAppContext.java:1342) [jetty-webapp-9.3.4.RC1.jar:9.3.4.RC1]
	at org.eclipse.jetty.server.handler.ContextHandler.doStart(ContextHandler.java:772) [jetty-server-9.3.4.RC1.jar:9.3.4.RC1]
	at org.eclipse.jetty.servlet.ServletContextHandler.doStart(ServletContextHandler.java:259) [jetty-servlet-9.3.4.RC1.jar:9.3.4.RC1]
	at org.eclipse.jetty.webapp.WebAppContext.doStart(WebAppContext.java:518) [jetty-webapp-9.3.4.RC1.jar:9.3.4.RC1]
	at org.eclipse.jetty.maven.plugin.JettyWebAppContext.doStart(JettyWebAppContext.java:403) [jetty-maven-plugin-9.3.4.RC1.jar:9.3.4.RC1]
	at org.eclipse.jetty.util.component.AbstractLifeCycle.start(AbstractLifeCycle.java:68) [jetty-util-9.3.4.RC1.jar:9.3.4.RC1]
	at org.eclipse.jetty.maven.plugin.JettyRunMojo.restartWebApp(JettyRunMojo.java:548) [jetty-maven-plugin-9.3.4.RC1.jar:9.3.4.RC1]
	at org.eclipse.jetty.maven.plugin.JettyRunMojo$1.onPathWatchEvents(JettyRunMojo.java:401) [jetty-maven-plugin-9.3.4.RC1.jar:9.3.4.RC1]
	at org.eclipse.jetty.util.PathWatcher.notifyOnPathWatchEvents(PathWatcher.java:1156) [jetty-util-9.3.4.RC1.jar:9.3.4.RC1]
	at org.eclipse.jetty.util.PathWatcher.run(PathWatcher.java:1360) [jetty-util-9.3.4.RC1.jar:9.3.4.RC1]
	at java.lang.Thread.run(Thread.java:745) [na:1.8.0_101]
Caused by: org.springframework.beans.factory.BeanCreationException: Could not autowire field: org.librairy.storage.system.column.repository.UnifiedColumnRepository org.librairy.storage.Helper.unifiedColumnRepository; nested exception is org.springframework.beans.factory.BeanCreationException: Error creating bean with name 'unifiedColumnRepository': Injection of autowired dependencies failed; nested exception is org.springframework.beans.factory.BeanCreationException: Could not autowire field: org.librairy.storage.system.column.repository.UnifiedColumnRepositoryFactory org.librairy.storage.system.column.repository.UnifiedColumnRepository.factory; nested exception is org.springframework.beans.factory.BeanCreationException: Error creating bean with name 'unifiedColumnRepositoryFactory': Injection of autowired dependencies failed; nested exception is org.springframework.beans.factory.BeanCreationException: Could not autowire field: org.librairy.storage.system.column.repository.AnalysisColumnRepository org.librairy.storage.system.column.repository.UnifiedColumnRepositoryFactory.analysisColumnRepository; nested exception is org.springframework.beans.factory.BeanCreationException: Error creating bean with name 'analysisColumnRepository': Cannot resolve reference to bean 'cassandraTemplate' while setting bean property 'cassandraTemplate'; nested exception is org.springframework.beans.factory.BeanCreationException: Error creating bean with name 'cassandraTemplate' defined in class path resource [org/librairy/storage/system/column/ColumnConfig.class]: Bean instantiation via factory method failed; nested exception is org.springframework.beans.BeanInstantiationException: Failed to instantiate [org.springframework.data.cassandra.core.CassandraAdminOperations]: Factory method 'cassandraTemplate' threw exception; nested exception is org.springframework.beans.factory.BeanCreationException: Error creating bean with name 'session' defined in class path resource [org/librairy/storage/system/column/ColumnConfig.class]: Invocation of init method failed; nested exception is com.datastax.driver.core.exceptions.NoHostAvailableException: All host(s) tried for query failed (tried: column-db/127.0.0.1:9042 (com.datastax.driver.core.exceptions.TransportException: [column-db/127.0.0.1:9042] Cannot connect), column-db/0:0:0:0:0:0:0:1:9042 (com.datastax.driver.core.exceptions.TransportException: [column-db/0:0:0:0:0:0:0:1:9042] Cannot connect))
	at org.springframework.beans.factory.annotation.AutowiredAnnotationBeanPostProcessor$AutowiredFieldElement.inject(AutowiredAnnotationBeanPostProcessor.java:573) ~[spring-beans-4.2.7.RELEASE.jar:4.2.7.RELEASE]
	at org.springframework.beans.factory.annotation.InjectionMetadata.inject(InjectionMetadata.java:88) ~[spring-beans-4.2.7.RELEASE.jar:4.2.7.RELEASE]
	at org.springframework.beans.factory.annotation.AutowiredAnnotationBeanPostProcessor.postProcessPropertyValues(AutowiredAnnotationBeanPostProcessor.java:331) ~[spring-beans-4.2.7.RELEASE.jar:4.2.7.RELEASE]
	... 30 common frames omitted
Caused by: org.springframework.beans.factory.BeanCreationException: Error creating bean with name 'unifiedColumnRepository': Injection of autowired dependencies failed; nested exception is org.springframework.beans.factory.BeanCreationException: Could not autowire field: org.librairy.storage.system.column.repository.UnifiedColumnRepositoryFactory org.librairy.storage.system.column.repository.UnifiedColumnRepository.factory; nested exception is org.springframework.beans.factory.BeanCreationException: Error creating bean with name 'unifiedColumnRepositoryFactory': Injection of autowired dependencies failed; nested exception is org.springframework.beans.factory.BeanCreationException: Could not autowire field: org.librairy.storage.system.column.repository.AnalysisColumnRepository org.librairy.storage.system.column.repository.UnifiedColumnRepositoryFactory.analysisColumnRepository; nested exception is org.springframework.beans.factory.BeanCreationException: Error creating bean with name 'analysisColumnRepository': Cannot resolve reference to bean 'cassandraTemplate' while setting bean property 'cassandraTemplate'; nested exception is org.springframework.beans.factory.BeanCreationException: Error creating bean with name 'cassandraTemplate' defined in class path resource [org/librairy/storage/system/column/ColumnConfig.class]: Bean instantiation via factory method failed; nested exception is org.springframework.beans.BeanInstantiationException: Failed to instantiate [org.springframework.data.cassandra.core.CassandraAdminOperations]: Factory method 'cassandraTemplate' threw exception; nested exception is org.springframework.beans.factory.BeanCreationException: Error creating bean with name 'session' defined in class path resource [org/librairy/storage/system/column/ColumnConfig.class]: Invocation of init method failed; nested exception is com.datastax.driver.core.exceptions.NoHostAvailableException: All host(s) tried for query failed (tried: column-db/127.0.0.1:9042 (com.datastax.driver.core.exceptions.TransportException: [column-db/127.0.0.1:9042] Cannot connect), column-db/0:0:0:0:0:0:0:1:9042 (com.datastax.driver.core.exceptions.TransportException: [column-db/0:0:0:0:0:0:0:1:9042] Cannot connect))
	at org.springframework.beans.factory.annotation.AutowiredAnnotationBeanPostProcessor.postProcessPropertyValues(AutowiredAnnotationBeanPostProcessor.java:334) ~[spring-beans-4.2.7.RELEASE.jar:4.2.7.RELEASE]
	at org.springframework.beans.factory.support.AbstractAutowireCapableBeanFactory.populateBean(AbstractAutowireCapableBeanFactory.java:1214) ~[spring-beans-4.2.7.RELEASE.jar:4.2.7.RELEASE]
	at org.springframework.beans.factory.support.AbstractAutowireCapableBeanFactory.doCreateBean(AbstractAutowireCapableBeanFactory.java:543) ~[spring-beans-4.2.7.RELEASE.jar:4.2.7.RELEASE]
	at org.springframework.beans.factory.support.AbstractAutowireCapableBeanFactory.createBean(AbstractAutowireCapableBeanFactory.java:482) ~[spring-beans-4.2.7.RELEASE.jar:4.2.7.RELEASE]
	at org.springframework.beans.factory.support.AbstractBeanFactory$1.getObject(AbstractBeanFactory.java:306) ~[spring-beans-4.2.7.RELEASE.jar:4.2.7.RELEASE]
	at org.springframework.beans.factory.support.DefaultSingletonBeanRegistry.getSingleton(DefaultSingletonBeanRegistry.java:230) ~[spring-beans-4.2.7.RELEASE.jar:4.2.7.RELEASE]
	at org.springframework.beans.factory.support.AbstractBeanFactory.doGetBean(AbstractBeanFactory.java:302) ~[spring-beans-4.2.7.RELEASE.jar:4.2.7.RELEASE]
	at org.springframework.beans.factory.support.AbstractBeanFactory.getBean(AbstractBeanFactory.java:197) ~[spring-beans-4.2.7.RELEASE.jar:4.2.7.RELEASE]
	at org.springframework.beans.factory.support.DefaultListableBeanFactory.findAutowireCandidates(DefaultListableBeanFactory.java:1192) ~[spring-beans-4.2.7.RELEASE.jar:4.2.7.RELEASE]
	at org.springframework.beans.factory.support.DefaultListableBeanFactory.doResolveDependency(DefaultListableBeanFactory.java:1116) ~[spring-beans-4.2.7.RELEASE.jar:4.2.7.RELEASE]
	at org.springframework.beans.factory.support.DefaultListableBeanFactory.resolveDependency(DefaultListableBeanFactory.java:1014) ~[spring-beans-4.2.7.RELEASE.jar:4.2.7.RELEASE]
	at org.springframework.beans.factory.annotation.AutowiredAnnotationBeanPostProcessor$AutowiredFieldElement.inject(AutowiredAnnotationBeanPostProcessor.java:545) ~[spring-beans-4.2.7.RELEASE.jar:4.2.7.RELEASE]
	... 32 common frames omitted
Caused by: org.springframework.beans.factory.BeanCreationException: Could not autowire field: org.librairy.storage.system.column.repository.UnifiedColumnRepositoryFactory org.librairy.storage.system.column.repository.UnifiedColumnRepository.factory; nested exception is org.springframework.beans.factory.BeanCreationException: Error creating bean with name 'unifiedColumnRepositoryFactory': Injection of autowired dependencies failed; nested exception is org.springframework.beans.factory.BeanCreationException: Could not autowire field: org.librairy.storage.system.column.repository.AnalysisColumnRepository org.librairy.storage.system.column.repository.UnifiedColumnRepositoryFactory.analysisColumnRepository; nested exception is org.springframework.beans.factory.BeanCreationException: Error creating bean with name 'analysisColumnRepository': Cannot resolve reference to bean 'cassandraTemplate' while setting bean property 'cassandraTemplate'; nested exception is org.springframework.beans.factory.BeanCreationException: Error creating bean with name 'cassandraTemplate' defined in class path resource [org/librairy/storage/system/column/ColumnConfig.class]: Bean instantiation via factory method failed; nested exception is org.springframework.beans.BeanInstantiationException: Failed to instantiate [org.springframework.data.cassandra.core.CassandraAdminOperations]: Factory method 'cassandraTemplate' threw exception; nested exception is org.springframework.beans.factory.BeanCreationException: Error creating bean with name 'session' defined in class path resource [org/librairy/storage/system/column/ColumnConfig.class]: Invocation of init method failed; nested exception is com.datastax.driver.core.exceptions.NoHostAvailableException: All host(s) tried for query failed (tried: column-db/127.0.0.1:9042 (com.datastax.driver.core.exceptions.TransportException: [column-db/127.0.0.1:9042] Cannot connect), column-db/0:0:0:0:0:0:0:1:9042 (com.datastax.driver.core.exceptions.TransportException: [column-db/0:0:0:0:0:0:0:1:9042] Cannot connect))
	at org.springframework.beans.factory.annotation.AutowiredAnnotationBeanPostProcessor$AutowiredFieldElement.inject(AutowiredAnnotationBeanPostProcessor.java:573) ~[spring-beans-4.2.7.RELEASE.jar:4.2.7.RELEASE]
	at org.springframework.beans.factory.annotation.InjectionMetadata.inject(InjectionMetadata.java:88) ~[spring-beans-4.2.7.RELEASE.jar:4.2.7.RELEASE]
	at org.springframework.beans.factory.annotation.AutowiredAnnotationBeanPostProcessor.postProcessPropertyValues(AutowiredAnnotationBeanPostProcessor.java:331) ~[spring-beans-4.2.7.RELEASE.jar:4.2.7.RELEASE]
	... 43 common frames omitted
Caused by: org.springframework.beans.factory.BeanCreationException: Error creating bean with name 'unifiedColumnRepositoryFactory': Injection of autowired dependencies failed; nested exception is org.springframework.beans.factory.BeanCreationException: Could not autowire field: org.librairy.storage.system.column.repository.AnalysisColumnRepository org.librairy.storage.system.column.repository.UnifiedColumnRepositoryFactory.analysisColumnRepository; nested exception is org.springframework.beans.factory.BeanCreationException: Error creating bean with name 'analysisColumnRepository': Cannot resolve reference to bean 'cassandraTemplate' while setting bean property 'cassandraTemplate'; nested exception is org.springframework.beans.factory.BeanCreationException: Error creating bean with name 'cassandraTemplate' defined in class path resource [org/librairy/storage/system/column/ColumnConfig.class]: Bean instantiation via factory method failed; nested exception is org.springframework.beans.BeanInstantiationException: Failed to instantiate [org.springframework.data.cassandra.core.CassandraAdminOperations]: Factory method 'cassandraTemplate' threw exception; nested exception is org.springframework.beans.factory.BeanCreationException: Error creating bean with name 'session' defined in class path resource [org/librairy/storage/system/column/ColumnConfig.class]: Invocation of init method failed; nested exception is com.datastax.driver.core.exceptions.NoHostAvailableException: All host(s) tried for query failed (tried: column-db/127.0.0.1:9042 (com.datastax.driver.core.exceptions.TransportException: [column-db/127.0.0.1:9042] Cannot connect), column-db/0:0:0:0:0:0:0:1:9042 (com.datastax.driver.core.exceptions.TransportException: [column-db/0:0:0:0:0:0:0:1:9042] Cannot connect))
	at org.springframework.beans.factory.annotation.AutowiredAnnotationBeanPostProcessor.postProcessPropertyValues(AutowiredAnnotationBeanPostProcessor.java:334) ~[spring-beans-4.2.7.RELEASE.jar:4.2.7.RELEASE]
	at org.springframework.beans.factory.support.AbstractAutowireCapableBeanFactory.populateBean(AbstractAutowireCapableBeanFactory.java:1214) ~[spring-beans-4.2.7.RELEASE.jar:4.2.7.RELEASE]
	at org.springframework.beans.factory.support.AbstractAutowireCapableBeanFactory.doCreateBean(AbstractAutowireCapableBeanFactory.java:543) ~[spring-beans-4.2.7.RELEASE.jar:4.2.7.RELEASE]
	at org.springframework.beans.factory.support.AbstractAutowireCapableBeanFactory.createBean(AbstractAutowireCapableBeanFactory.java:482) ~[spring-beans-4.2.7.RELEASE.jar:4.2.7.RELEASE]
	at org.springframework.beans.factory.support.AbstractBeanFactory$1.getObject(AbstractBeanFactory.java:306) ~[spring-beans-4.2.7.RELEASE.jar:4.2.7.RELEASE]
	at org.springframework.beans.factory.support.DefaultSingletonBeanRegistry.getSingleton(DefaultSingletonBeanRegistry.java:230) ~[spring-beans-4.2.7.RELEASE.jar:4.2.7.RELEASE]
	at org.springframework.beans.factory.support.AbstractBeanFactory.doGetBean(AbstractBeanFactory.java:302) ~[spring-beans-4.2.7.RELEASE.jar:4.2.7.RELEASE]
	at org.springframework.beans.factory.support.AbstractBeanFactory.getBean(AbstractBeanFactory.java:197) ~[spring-beans-4.2.7.RELEASE.jar:4.2.7.RELEASE]
	at org.springframework.beans.factory.support.DefaultListableBeanFactory.findAutowireCandidates(DefaultListableBeanFactory.java:1192) ~[spring-beans-4.2.7.RELEASE.jar:4.2.7.RELEASE]
	at org.springframework.beans.factory.support.DefaultListableBeanFactory.doResolveDependency(DefaultListableBeanFactory.java:1116) ~[spring-beans-4.2.7.RELEASE.jar:4.2.7.RELEASE]
	at org.springframework.beans.factory.support.DefaultListableBeanFactory.resolveDependency(DefaultListableBeanFactory.java:1014) ~[spring-beans-4.2.7.RELEASE.jar:4.2.7.RELEASE]
	at org.springframework.beans.factory.annotation.AutowiredAnnotationBeanPostProcessor$AutowiredFieldElement.inject(AutowiredAnnotationBeanPostProcessor.java:545) ~[spring-beans-4.2.7.RELEASE.jar:4.2.7.RELEASE]
	... 45 common frames omitted
Caused by: org.springframework.beans.factory.BeanCreationException: Could not autowire field: org.librairy.storage.system.column.repository.AnalysisColumnRepository org.librairy.storage.system.column.repository.UnifiedColumnRepositoryFactory.analysisColumnRepository; nested exception is org.springframework.beans.factory.BeanCreationException: Error creating bean with name 'analysisColumnRepository': Cannot resolve reference to bean 'cassandraTemplate' while setting bean property 'cassandraTemplate'; nested exception is org.springframework.beans.factory.BeanCreationException: Error creating bean with name 'cassandraTemplate' defined in class path resource [org/librairy/storage/system/column/ColumnConfig.class]: Bean instantiation via factory method failed; nested exception is org.springframework.beans.BeanInstantiationException: Failed to instantiate [org.springframework.data.cassandra.core.CassandraAdminOperations]: Factory method 'cassandraTemplate' threw exception; nested exception is org.springframework.beans.factory.BeanCreationException: Error creating bean with name 'session' defined in class path resource [org/librairy/storage/system/column/ColumnConfig.class]: Invocation of init method failed; nested exception is com.datastax.driver.core.exceptions.NoHostAvailableException: All host(s) tried for query failed (tried: column-db/127.0.0.1:9042 (com.datastax.driver.core.exceptions.TransportException: [column-db/127.0.0.1:9042] Cannot connect), column-db/0:0:0:0:0:0:0:1:9042 (com.datastax.driver.core.exceptions.TransportException: [column-db/0:0:0:0:0:0:0:1:9042] Cannot connect))
	at org.springframework.beans.factory.annotation.AutowiredAnnotationBeanPostProcessor$AutowiredFieldElement.inject(AutowiredAnnotationBeanPostProcessor.java:573) ~[spring-beans-4.2.7.RELEASE.jar:4.2.7.RELEASE]
	at org.springframework.beans.factory.annotation.InjectionMetadata.inject(InjectionMetadata.java:88) ~[spring-beans-4.2.7.RELEASE.jar:4.2.7.RELEASE]
	at org.springframework.beans.factory.annotation.AutowiredAnnotationBeanPostProcessor.postProcessPropertyValues(AutowiredAnnotationBeanPostProcessor.java:331) ~[spring-beans-4.2.7.RELEASE.jar:4.2.7.RELEASE]
	... 56 common frames omitted
Caused by: org.springframework.beans.factory.BeanCreationException: Error creating bean with name 'analysisColumnRepository': Cannot resolve reference to bean 'cassandraTemplate' while setting bean property 'cassandraTemplate'; nested exception is org.springframework.beans.factory.BeanCreationException: Error creating bean with name 'cassandraTemplate' defined in class path resource [org/librairy/storage/system/column/ColumnConfig.class]: Bean instantiation via factory method failed; nested exception is org.springframework.beans.BeanInstantiationException: Failed to instantiate [org.springframework.data.cassandra.core.CassandraAdminOperations]: Factory method 'cassandraTemplate' threw exception; nested exception is org.springframework.beans.factory.BeanCreationException: Error creating bean with name 'session' defined in class path resource [org/librairy/storage/system/column/ColumnConfig.class]: Invocation of init method failed; nested exception is com.datastax.driver.core.exceptions.NoHostAvailableException: All host(s) tried for query failed (tried: column-db/127.0.0.1:9042 (com.datastax.driver.core.exceptions.TransportException: [column-db/127.0.0.1:9042] Cannot connect), column-db/0:0:0:0:0:0:0:1:9042 (com.datastax.driver.core.exceptions.TransportException: [column-db/0:0:0:0:0:0:0:1:9042] Cannot connect))
	at org.springframework.beans.factory.support.BeanDefinitionValueResolver.resolveReference(BeanDefinitionValueResolver.java:359) ~[spring-beans-4.2.7.RELEASE.jar:4.2.7.RELEASE]
	at org.springframework.beans.factory.support.BeanDefinitionValueResolver.resolveValueIfNecessary(BeanDefinitionValueResolver.java:108) ~[spring-beans-4.2.7.RELEASE.jar:4.2.7.RELEASE]
	at org.springframework.beans.factory.support.AbstractAutowireCapableBeanFactory.applyPropertyValues(AbstractAutowireCapableBeanFactory.java:1481) ~[spring-beans-4.2.7.RELEASE.jar:4.2.7.RELEASE]
	at org.springframework.beans.factory.support.AbstractAutowireCapableBeanFactory.populateBean(AbstractAutowireCapableBeanFactory.java:1226) ~[spring-beans-4.2.7.RELEASE.jar:4.2.7.RELEASE]
	at org.springframework.beans.factory.support.AbstractAutowireCapableBeanFactory.doCreateBean(AbstractAutowireCapableBeanFactory.java:543) ~[spring-beans-4.2.7.RELEASE.jar:4.2.7.RELEASE]
	at org.springframework.beans.factory.support.AbstractAutowireCapableBeanFactory.createBean(AbstractAutowireCapableBeanFactory.java:482) ~[spring-beans-4.2.7.RELEASE.jar:4.2.7.RELEASE]
	at org.springframework.beans.factory.support.AbstractBeanFactory$1.getObject(AbstractBeanFactory.java:306) ~[spring-beans-4.2.7.RELEASE.jar:4.2.7.RELEASE]
	at org.springframework.beans.factory.support.DefaultSingletonBeanRegistry.getSingleton(DefaultSingletonBeanRegistry.java:230) ~[spring-beans-4.2.7.RELEASE.jar:4.2.7.RELEASE]
	at org.springframework.beans.factory.support.AbstractBeanFactory.doGetBean(AbstractBeanFactory.java:302) ~[spring-beans-4.2.7.RELEASE.jar:4.2.7.RELEASE]
	at org.springframework.beans.factory.support.AbstractBeanFactory.getBean(AbstractBeanFactory.java:197) ~[spring-beans-4.2.7.RELEASE.jar:4.2.7.RELEASE]
	at org.springframework.beans.factory.support.DefaultListableBeanFactory.findAutowireCandidates(DefaultListableBeanFactory.java:1192) ~[spring-beans-4.2.7.RELEASE.jar:4.2.7.RELEASE]
	at org.springframework.beans.factory.support.DefaultListableBeanFactory.doResolveDependency(DefaultListableBeanFactory.java:1116) ~[spring-beans-4.2.7.RELEASE.jar:4.2.7.RELEASE]
	at org.springframework.beans.factory.support.DefaultListableBeanFactory.resolveDependency(DefaultListableBeanFactory.java:1014) ~[spring-beans-4.2.7.RELEASE.jar:4.2.7.RELEASE]
	at org.springframework.beans.factory.annotation.AutowiredAnnotationBeanPostProcessor$AutowiredFieldElement.inject(AutowiredAnnotationBeanPostProcessor.java:545) ~[spring-beans-4.2.7.RELEASE.jar:4.2.7.RELEASE]
	... 58 common frames omitted
Caused by: org.springframework.beans.factory.BeanCreationException: Error creating bean with name 'cassandraTemplate' defined in class path resource [org/librairy/storage/system/column/ColumnConfig.class]: Bean instantiation via factory method failed; nested exception is org.springframework.beans.BeanInstantiationException: Failed to instantiate [org.springframework.data.cassandra.core.CassandraAdminOperations]: Factory method 'cassandraTemplate' threw exception; nested exception is org.springframework.beans.factory.BeanCreationException: Error creating bean with name 'session' defined in class path resource [org/librairy/storage/system/column/ColumnConfig.class]: Invocation of init method failed; nested exception is com.datastax.driver.core.exceptions.NoHostAvailableException: All host(s) tried for query failed (tried: column-db/127.0.0.1:9042 (com.datastax.driver.core.exceptions.TransportException: [column-db/127.0.0.1:9042] Cannot connect), column-db/0:0:0:0:0:0:0:1:9042 (com.datastax.driver.core.exceptions.TransportException: [column-db/0:0:0:0:0:0:0:1:9042] Cannot connect))
	at org.springframework.beans.factory.support.ConstructorResolver.instantiateUsingFactoryMethod(ConstructorResolver.java:599) ~[spring-beans-4.2.7.RELEASE.jar:4.2.7.RELEASE]
	at org.springframework.beans.factory.support.AbstractAutowireCapableBeanFactory.instantiateUsingFactoryMethod(AbstractAutowireCapableBeanFactory.java:1123) ~[spring-beans-4.2.7.RELEASE.jar:4.2.7.RELEASE]
	at org.springframework.beans.factory.support.AbstractAutowireCapableBeanFactory.createBeanInstance(AbstractAutowireCapableBeanFactory.java:1018) ~[spring-beans-4.2.7.RELEASE.jar:4.2.7.RELEASE]
	at org.springframework.beans.factory.support.AbstractAutowireCapableBeanFactory.doCreateBean(AbstractAutowireCapableBeanFactory.java:510) ~[spring-beans-4.2.7.RELEASE.jar:4.2.7.RELEASE]
	at org.springframework.beans.factory.support.AbstractAutowireCapableBeanFactory.createBean(AbstractAutowireCapableBeanFactory.java:482) ~[spring-beans-4.2.7.RELEASE.jar:4.2.7.RELEASE]
	at org.springframework.beans.factory.support.AbstractBeanFactory$1.getObject(AbstractBeanFactory.java:306) ~[spring-beans-4.2.7.RELEASE.jar:4.2.7.RELEASE]
	at org.springframework.beans.factory.support.DefaultSingletonBeanRegistry.getSingleton(DefaultSingletonBeanRegistry.java:230) ~[spring-beans-4.2.7.RELEASE.jar:4.2.7.RELEASE]
	at org.springframework.beans.factory.support.AbstractBeanFactory.doGetBean(AbstractBeanFactory.java:302) ~[spring-beans-4.2.7.RELEASE.jar:4.2.7.RELEASE]
	at org.springframework.beans.factory.support.AbstractBeanFactory.getBean(AbstractBeanFactory.java:197) ~[spring-beans-4.2.7.RELEASE.jar:4.2.7.RELEASE]
	at org.springframework.beans.factory.support.BeanDefinitionValueResolver.resolveReference(BeanDefinitionValueResolver.java:351) ~[spring-beans-4.2.7.RELEASE.jar:4.2.7.RELEASE]
	... 71 common frames omitted
Caused by: org.springframework.beans.BeanInstantiationException: Failed to instantiate [org.springframework.data.cassandra.core.CassandraAdminOperations]: Factory method 'cassandraTemplate' threw exception; nested exception is org.springframework.beans.factory.BeanCreationException: Error creating bean with name 'session' defined in class path resource [org/librairy/storage/system/column/ColumnConfig.class]: Invocation of init method failed; nested exception is com.datastax.driver.core.exceptions.NoHostAvailableException: All host(s) tried for query failed (tried: column-db/127.0.0.1:9042 (com.datastax.driver.core.exceptions.TransportException: [column-db/127.0.0.1:9042] Cannot connect), column-db/0:0:0:0:0:0:0:1:9042 (com.datastax.driver.core.exceptions.TransportException: [column-db/0:0:0:0:0:0:0:1:9042] Cannot connect))
	at org.springframework.beans.factory.support.SimpleInstantiationStrategy.instantiate(SimpleInstantiationStrategy.java:189) ~[spring-beans-4.2.7.RELEASE.jar:4.2.7.RELEASE]
	at org.springframework.beans.factory.support.ConstructorResolver.instantiateUsingFactoryMethod(ConstructorResolver.java:588) ~[spring-beans-4.2.7.RELEASE.jar:4.2.7.RELEASE]
	... 80 common frames omitted
Caused by: org.springframework.beans.factory.BeanCreationException: Error creating bean with name 'session' defined in class path resource [org/librairy/storage/system/column/ColumnConfig.class]: Invocation of init method failed; nested exception is com.datastax.driver.core.exceptions.NoHostAvailableException: All host(s) tried for query failed (tried: column-db/127.0.0.1:9042 (com.datastax.driver.core.exceptions.TransportException: [column-db/127.0.0.1:9042] Cannot connect), column-db/0:0:0:0:0:0:0:1:9042 (com.datastax.driver.core.exceptions.TransportException: [column-db/0:0:0:0:0:0:0:1:9042] Cannot connect))
	at org.springframework.beans.factory.support.AbstractAutowireCapableBeanFactory.initializeBean(AbstractAutowireCapableBeanFactory.java:1578) ~[spring-beans-4.2.7.RELEASE.jar:4.2.7.RELEASE]
	at org.springframework.beans.factory.support.AbstractAutowireCapableBeanFactory.doCreateBean(AbstractAutowireCapableBeanFactory.java:545) ~[spring-beans-4.2.7.RELEASE.jar:4.2.7.RELEASE]
	at org.springframework.beans.factory.support.AbstractAutowireCapableBeanFactory.createBean(AbstractAutowireCapableBeanFactory.java:482) ~[spring-beans-4.2.7.RELEASE.jar:4.2.7.RELEASE]
	at org.springframework.beans.factory.support.AbstractBeanFactory$1.getObject(AbstractBeanFactory.java:306) ~[spring-beans-4.2.7.RELEASE.jar:4.2.7.RELEASE]
	at org.springframework.beans.factory.support.DefaultSingletonBeanRegistry.getSingleton(DefaultSingletonBeanRegistry.java:230) ~[spring-beans-4.2.7.RELEASE.jar:4.2.7.RELEASE]
	at org.springframework.beans.factory.support.AbstractBeanFactory.doGetBean(AbstractBeanFactory.java:302) ~[spring-beans-4.2.7.RELEASE.jar:4.2.7.RELEASE]
	at org.springframework.beans.factory.support.AbstractBeanFactory.getBean(AbstractBeanFactory.java:197) ~[spring-beans-4.2.7.RELEASE.jar:4.2.7.RELEASE]
	at org.springframework.context.annotation.ConfigurationClassEnhancer$BeanMethodInterceptor.intercept(ConfigurationClassEnhancer.java:331) ~[spring-context-4.2.7.RELEASE.jar:4.2.7.RELEASE]
	at org.librairy.storage.system.column.ColumnConfig$$EnhancerBySpringCGLIB$$9d5eeebe.session(<generated>) ~[librairy-boot-0.25.jar:na]
	at org.springframework.data.cassandra.config.java.AbstractCassandraConfiguration.cassandraTemplate(AbstractCassandraConfiguration.java:129) ~[spring-data-cassandra-1.5.0.M1.jar:na]
	at org.librairy.storage.system.column.ColumnConfig$$EnhancerBySpringCGLIB$$9d5eeebe.CGLIB$cassandraTemplate$6(<generated>) ~[librairy-boot-0.25.jar:na]
	at org.librairy.storage.system.column.ColumnConfig$$EnhancerBySpringCGLIB$$9d5eeebe$$FastClassBySpringCGLIB$$5c5d96cb.invoke(<generated>) ~[librairy-boot-0.25.jar:na]
	at org.springframework.cglib.proxy.MethodProxy.invokeSuper(MethodProxy.java:228) ~[spring-core-4.2.7.RELEASE.jar:4.2.7.RELEASE]
	at org.springframework.context.annotation.ConfigurationClassEnhancer$BeanMethodInterceptor.intercept(ConfigurationClassEnhancer.java:356) ~[spring-context-4.2.7.RELEASE.jar:4.2.7.RELEASE]
	at org.librairy.storage.system.column.ColumnConfig$$EnhancerBySpringCGLIB$$9d5eeebe.cassandraTemplate(<generated>) ~[librairy-boot-0.25.jar:na]
	at sun.reflect.NativeMethodAccessorImpl.invoke0(Native Method) ~[na:1.8.0_101]
	at sun.reflect.NativeMethodAccessorImpl.invoke(NativeMethodAccessorImpl.java:62) ~[na:1.8.0_101]
	at sun.reflect.DelegatingMethodAccessorImpl.invoke(DelegatingMethodAccessorImpl.java:43) ~[na:1.8.0_101]
	at java.lang.reflect.Method.invoke(Method.java:498) ~[na:1.8.0_101]
	at org.springframework.beans.factory.support.SimpleInstantiationStrategy.instantiate(SimpleInstantiationStrategy.java:162) ~[spring-beans-4.2.7.RELEASE.jar:4.2.7.RELEASE]
	... 81 common frames omitted
Caused by: com.datastax.driver.core.exceptions.NoHostAvailableException: All host(s) tried for query failed (tried: column-db/127.0.0.1:9042 (com.datastax.driver.core.exceptions.TransportException: [column-db/127.0.0.1:9042] Cannot connect), column-db/0:0:0:0:0:0:0:1:9042 (com.datastax.driver.core.exceptions.TransportException: [column-db/0:0:0:0:0:0:0:1:9042] Cannot connect))
	at com.datastax.driver.core.ControlConnection.reconnectInternal(ControlConnection.java:233) ~[cassandra-driver-core-3.0.3.jar:na]
	at com.datastax.driver.core.ControlConnection.connect(ControlConnection.java:79) ~[cassandra-driver-core-3.0.3.jar:na]
	at com.datastax.driver.core.Cluster$Manager.init(Cluster.java:1424) ~[cassandra-driver-core-3.0.3.jar:na]
	at com.datastax.driver.core.Cluster.init(Cluster.java:163) ~[cassandra-driver-core-3.0.3.jar:na]
	at com.datastax.driver.core.Cluster.connectAsync(Cluster.java:334) ~[cassandra-driver-core-3.0.3.jar:na]
	at com.datastax.driver.core.Cluster.connect(Cluster.java:284) ~[cassandra-driver-core-3.0.3.jar:na]
	at org.springframework.cassandra.config.CassandraCqlSessionFactoryBean.connect(CassandraCqlSessionFactoryBean.java:100) ~[spring-cql-1.5.0.M1.jar:na]
	at org.springframework.cassandra.config.CassandraCqlSessionFactoryBean.afterPropertiesSet(CassandraCqlSessionFactoryBean.java:94) ~[spring-cql-1.5.0.M1.jar:na]
	at org.springframework.data.cassandra.config.CassandraSessionFactoryBean.afterPropertiesSet(CassandraSessionFactoryBean.java:60) ~[spring-data-cassandra-1.5.0.M1.jar:na]
	at org.springframework.beans.factory.support.AbstractAutowireCapableBeanFactory.invokeInitMethods(AbstractAutowireCapableBeanFactory.java:1637) ~[spring-beans-4.2.7.RELEASE.jar:4.2.7.RELEASE]
	at org.springframework.beans.factory.support.AbstractAutowireCapableBeanFactory.initializeBean(AbstractAutowireCapableBeanFactory.java:1574) ~[spring-beans-4.2.7.RELEASE.jar:4.2.7.RELEASE]
	... 100 common frames omitted
